#
# There is insufficient memory for the Java Runtime Environment to continue.
# Native memory allocation (mmap) failed to map 134217728 bytes for Failed to commit area from 0x0000000081e00000 to 0x0000000089e00000 of length 134217728.
# Possible reasons:
#   The system is out of physical RAM or swap space
#   The process is running with CompressedOops enabled, and the Java Heap may be blocking the growth of the native heap
# Possible solutions:
#   Reduce memory load on the system
#   Increase physical memory or swap space
#   Check if swap backing store is full
#   Decrease Java heap size (-Xmx/-Xms)
#   Decrease number of Java threads
#   Decrease Java thread stack sizes (-Xss)
#   Set larger code cache with -XX:ReservedCodeCacheSize=
#   JVM is running with Unscaled Compressed Oops mode in which the Java heap is
#     placed in the first 4GB address space. The Java Heap base address is the
#     maximum limit for the native heap growth. Please use -XX:HeapBaseMinAddress
#     to set the Java Heap base and to place the Java Heap above 4GB virtual address.
# This output file may be truncated or incomplete.
#
#  Out of Memory Error (t:/workspace/open/src/hotspot/os/windows/os_windows.cpp:3315), pid=331612, tid=330896
#
# JRE version:  (14.0+36) (build )
# Java VM: Java HotSpot(TM) 64-Bit Server VM (14+36-1461, mixed mode, sharing, tiered, compressed oops, g1 gc, windows-amd64)
# No core dump will be written. Minidumps are not enabled by default on client versions of Windows
#

---------------  S U M M A R Y ------------

Command Line: -javaagent:C:\Users\PCMYM\AppData\Local\JetBrains\Toolbox\apps\IDEA-U\ch-0\193.6911.18\lib\idea_rt.jar=54868:C:\Users\PCMYM\AppData\Local\JetBrains\Toolbox\apps\IDEA-U\ch-0\193.6911.18\bin -Dfile.encoding=UTF-8 ObserverPatternDemo

Host: Intel(R) Core(TM) i7-5500U CPU @ 2.40GHz, 4 cores, 7G,  Windows 10 , 64 bit Build 18362 (10.0.18362.778)
Time: Wed Apr 22 16:02:12 2020 Hora est. Pacífico, Sudamérica elapsed time: 0 seconds (0d 0h 0m 0s)

---------------  T H R E A D  ---------------

Current thread (0x000001a55f16c800):  JavaThread "Unknown thread" [_thread_in_vm, id=330896, stack(0x00000035dcf00000,0x00000035dd000000)]

Stack: [0x00000035dcf00000,0x00000035dd000000]
Native frames: (J=compiled Java code, j=interpreted, Vv=VM code, C=native code)
V  [jvm.dll+0x5f83ea]
V  [jvm.dll+0x741e2a]
V  [jvm.dll+0x7435df]
V  [jvm.dll+0x743c23]
V  [jvm.dll+0x20d268]
V  [jvm.dll+0x5f579a]
V  [jvm.dll+0x5ea5f5]
V  [jvm.dll+0x2c7e7c]
V  [jvm.dll+0x2c7cb2]
V  [jvm.dll+0x2cdb9c]
V  [jvm.dll+0x313fd8]
V  [jvm.dll+0x313700]
V  [jvm.dll+0x2a090a]
V  [jvm.dll+0x2a1a59]
V  [jvm.dll+0x71f6f8]
V  [jvm.dll+0x321c24]
V  [jvm.dll+0x700aec]
V  [jvm.dll+0x392ddf]
V  [jvm.dll+0x394e51]
C  [jli.dll+0x523b]
C  [ucrtbase.dll+0x20e72]
C  [KERNEL32.DLL+0x17bd4]
C  [ntdll.dll+0x6ce51]


---------------  P R O C E S S  ---------------

Threads class SMR info:
_java_thread_list=0x00007ffa4ec34078, length=0, elements={
}

Java Threads: ( => current thread )

Other Threads:
  0x000001a55f1ad000 GCTaskThread "GC Thread#0" [stack: 0x00000035dd000000,0x00000035dd100000] [id=324840]
  0x000001a55f1c0000 ConcurrentGCThread "G1 Main Marker" [stack: 0x00000035dd100000,0x00000035dd200000] [id=329440]
  0x000001a55f1c2800 ConcurrentGCThread "G1 Conc#0" [stack: 0x00000035dd200000,0x00000035dd300000] [id=242856]

[error occurred during error reporting (printing all threads), id 0xc0000005, EXCEPTION_ACCESS_VIOLATION (0xc0000005) at pc=0x00007ffa4e461237]

VM state:not at safepoint (not fully initialized)

VM Mutex/Monitor currently owned by a thread:  ([mutex/lock_event])
[0x000001a55f168440] Heap_lock - owner thread: 0x000001a55f16c800

Heap address: 0x0000000081e00000, size: 2018 MB, Compressed Oops mode: 32-bit
Narrow klass base: 0x0000000000000000, Narrow klass shift: 0

GC Heap History (0 events):
No events

Deoptimization events (0 events):
No events

Classes unloaded (0 events):
No events

Classes redefined (0 events):
No events

Internal exceptions (0 events):
No events

Events (2 events):
Event: 0.010 Loaded shared library C:\Program Files\Java\jdk-14\bin\java.dll
Event: 0.011 Loaded shared library C:\Program Files\Java\jdk-14\bin\zip.dll


Dynamic libraries:
0x00007ff60fd60000 - 0x00007ff60fd6f000 	C:\Program Files\Java\jdk-14\bin\java.exe
0x00007ffab2840000 - 0x00007ffab2a30000 	C:\WINDOWS\SYSTEM32\ntdll.dll
0x00007ffab1bb0000 - 0x00007ffab1c62000 	C:\WINDOWS\System32\KERNEL32.DLL
0x00007ffaaf7d0000 - 0x00007ffaafa73000 	C:\WINDOWS\System32\KERNELBASE.dll
0x00007ffab07f0000 - 0x00007ffab08ea000 	C:\WINDOWS\System32\ucrtbase.dll
0x00007ffaad180000 - 0x00007ffaad198000 	C:\Program Files\Java\jdk-14\bin\jli.dll
0x00007ffab1080000 - 0x00007ffab1123000 	C:\WINDOWS\System32\ADVAPI32.dll
0x00007ffab1f70000 - 0x00007ffab200e000 	C:\WINDOWS\System32\msvcrt.dll
0x00007ffab08f0000 - 0x00007ffab0987000 	C:\WINDOWS\System32\sechost.dll
0x00007ffab14f0000 - 0x00007ffab1610000 	C:\WINDOWS\System32\RPCRT4.dll
0x00007ffab24d0000 - 0x00007ffab2664000 	C:\WINDOWS\System32\USER32.dll
0x00007ffaafb60000 - 0x00007ffaafb81000 	C:\WINDOWS\System32\win32u.dll
0x00007ffab27d0000 - 0x00007ffab27f6000 	C:\WINDOWS\System32\GDI32.dll
0x00007ffab0650000 - 0x00007ffab07e4000 	C:\WINDOWS\System32\gdi32full.dll
0x00007ffaafb90000 - 0x00007ffaafc2e000 	C:\WINDOWS\System32\msvcp_win.dll
0x00007ffaaa9c0000 - 0x00007ffaaa9d5000 	C:\Program Files\Java\jdk-14\bin\VCRUNTIME140.dll
0x00007ffa9cdb0000 - 0x00007ffa9d035000 	C:\WINDOWS\WinSxS\amd64_microsoft.windows.common-controls_6595b64144ccf1df_6.0.18362.778_none_e6c6b761130d4fb8\COMCTL32.dll
0x00007ffab20c0000 - 0x00007ffab23f6000 	C:\WINDOWS\System32\combase.dll
0x00007ffaafc30000 - 0x00007ffaafcb0000 	C:\WINDOWS\System32\bcryptPrimitives.dll
0x00007ffaa4bc0000 - 0x00007ffaa4bca000 	C:\WINDOWS\SYSTEM32\VERSION.dll
0x00007ffab1f20000 - 0x00007ffab1f4e000 	C:\WINDOWS\System32\IMM32.DLL
0x00007ffaa2920000 - 0x00007ffaa29bb000 	C:\Program Files\Java\jdk-14\bin\msvcp140.dll
0x00007ffa4e1b0000 - 0x00007ffa4eccf000 	C:\Program Files\Java\jdk-14\bin\server\jvm.dll
0x00007ffab1f10000 - 0x00007ffab1f18000 	C:\WINDOWS\System32\PSAPI.DLL
0x00007ffaad200000 - 0x00007ffaad209000 	C:\WINDOWS\SYSTEM32\WSOCK32.dll
0x00007ffab1cd0000 - 0x00007ffab1d3f000 	C:\WINDOWS\System32\WS2_32.dll
0x00007ffaacf60000 - 0x00007ffaacf84000 	C:\WINDOWS\SYSTEM32\WINMM.dll
0x00007ffaacbc0000 - 0x00007ffaacbed000 	C:\WINDOWS\SYSTEM32\WINMMBASE.dll
0x00007ffaafb10000 - 0x00007ffaafb5a000 	C:\WINDOWS\System32\cfgmgr32.dll
0x00007ffaaf730000 - 0x00007ffaaf741000 	C:\WINDOWS\System32\kernel.appcore.dll
0x00007ffaad170000 - 0x00007ffaad17a000 	C:\Program Files\Java\jdk-14\bin\jimage.dll
0x00007ffaa4940000 - 0x00007ffaa4b34000 	C:\WINDOWS\SYSTEM32\DBGHELP.DLL
0x00007ffaa4890000 - 0x00007ffaa48ba000 	C:\WINDOWS\SYSTEM32\dbgcore.DLL
0x00007ffaaa9b0000 - 0x00007ffaaa9be000 	C:\Program Files\Java\jdk-14\bin\instrument.dll
0x00007ffaa87f0000 - 0x00007ffaa8815000 	C:\Program Files\Java\jdk-14\bin\java.dll
0x00007ffaa97b0000 - 0x00007ffaa97c7000 	C:\Program Files\Java\jdk-14\bin\zip.dll

dbghelp: loaded successfully - version: 4.0.5 - missing functions: none
symbol engine: initialized successfully - sym options: 0x614 - pdb path: .;C:\Program Files\Java\jdk-14\bin;C:\WINDOWS\SYSTEM32;C:\WINDOWS\WinSxS\amd64_microsoft.windows.common-controls_6595b64144ccf1df_6.0.18362.778_none_e6c6b761130d4fb8;C:\Program Files\Java\jdk-14\bin\server

VM Arguments:
jvm_args: -javaagent:C:\Users\PCMYM\AppData\Local\JetBrains\Toolbox\apps\IDEA-U\ch-0\193.6911.18\lib\idea_rt.jar=54868:C:\Users\PCMYM\AppData\Local\JetBrains\Toolbox\apps\IDEA-U\ch-0\193.6911.18\bin -Dfile.encoding=UTF-8 
java_command: ObserverPatternDemo
java_class_path (initial): D:\UPC Omar\CICLO 2020-01\Diseño de Patrones\Proyectos IntellID\out\production\ObserverPatternDemo with Interface
Launcher Type: SUN_STANDARD

[Global flags]
     intx CICompilerCount                          = 3                                         {product} {ergonomic}
     uint ConcGCThreads                            = 1                                         {product} {ergonomic}
     uint G1ConcRefinementThreads                  = 4                                         {product} {ergonomic}
   size_t G1HeapRegionSize                         = 1048576                                   {product} {ergonomic}
    uintx GCDrainStackTargetSize                   = 64                                        {product} {ergonomic}
   size_t InitialHeapSize                          = 134217728                                 {product} {ergonomic}
   size_t MarkStackSize                            = 4194304                                   {product} {ergonomic}
   size_t MaxHeapSize                              = 2116026368                                {product} {ergonomic}
   size_t MinHeapDeltaBytes                        = 1048576                                   {product} {ergonomic}
   size_t MinHeapSize                              = 8388608                                   {product} {ergonomic}
    uintx NonNMethodCodeHeapSize                   = 5832780                                {pd product} {ergonomic}
    uintx NonProfiledCodeHeapSize                  = 122912730                              {pd product} {ergonomic}
    uintx ProfiledCodeHeapSize                     = 122912730                              {pd product} {ergonomic}
    uintx ReservedCodeCacheSize                    = 251658240                              {pd product} {ergonomic}
     bool SegmentedCodeCache                       = true                                      {product} {ergonomic}
   size_t SoftMaxHeapSize                          = 2116026368                             {manageable} {ergonomic}
     bool UseCompressedClassPointers               = true                                 {lp64_product} {ergonomic}
     bool UseCompressedOops                        = true                                 {lp64_product} {ergonomic}
     bool UseG1GC                                  = true                                      {product} {ergonomic}
     bool UseLargePagesIndividualAllocation        = false                                  {pd product} {ergonomic}

Logging:
Log output configuration:
 #0: stdout all=warning uptime,level,tags
 #1: stderr all=off uptime,level,tags

Environment Variables:
JAVA_HOME=C:\Program Files\Java\jdk-14
PATH=C:\ProgramData\Oracle\Java\javapath;C:\Python38\Scripts\;C:\Python38\;C:\Program Files\Microsoft MPI\Bin\;C:\WINDOWS\system32;C:\WINDOWS;C:\WINDOWS\System32\Wbem;C:\WINDOWS\System32\WindowsPowerShell\v1.0\;C:\Program Files\Microsoft SQL Server\130\Tools\Binn\;C:\Program Files\Microsoft SQL Server\Client SDK\ODBC\170\Tools\Binn\;C:\Program Files\Microsoft SQL Server\120\Tools\Binn\;C:\Program Files\Microsoft SQL Server\Client SDK\ODBC\110\Tools\Binn\;C:\Program Files (x86)\Microsoft SQL Server\120\Tools\Binn\;C:\Program Files\Microsoft SQL Server\120\DTS\Binn\;C:\Program Files (x86)\Microsoft SQL Server\120\Tools\Binn\ManagementStudio\;C:\Program Files (x86)\Microsoft SQL Server\120\DTS\Binn\;C:\Program Files\Microsoft SQL Server\Client SDK\ODBC\130\Tools\Binn\;C:\Program Files (x86)\Microsoft SQL Server\140\Tools\Binn\;C:\Program Files\Microsoft SQL Server\140\Tools\Binn\;C:\Program Files\Microsoft SQL Server\140\DTS\Binn\;C:\Program Files (x86)\Microsoft SQL Server\140\DTS\Binn\;C:\Program Files (x86)\Microsoft SQL Server\150\DTS\Binn\;C:\Program Files\PuTTY\;C:\WINDOWS\System32\OpenSSH\;C:\Program Files\Git\cmd;C:\Program Files\Git\mingw64\bin;C:\Program Files\Git\usr\bin;C:\ProgramData\chocolatey\bin;C:\Program Files\nodejs\;C:\Program Files\dotnet\;C:\Program Files\MySQL\MySQL Shell 8.0\bin\;C:\Users\PCMYM\AppData\Local\Microsoft\WindowsApps;C:\Users\PCMYM\AppData\Local\Programs\Microsoft VS Code\bin;C:\Users\PCMYM\AppData\Roaming\npm;C:\Program Files\Java\jdk-14\bin;C:\Users\PCMYM\.dotnet\tools
USERNAME=PCMYM
OS=Windows_NT
PROCESSOR_IDENTIFIER=Intel64 Family 6 Model 61 Stepping 4, GenuineIntel



---------------  S Y S T E M  ---------------

OS: Windows 10 , 64 bit Build 18362 (10.0.18362.778)
OS uptime: 5 days 9:19 hours

CPU:total 4 (initial active 4) (2 cores per cpu, 2 threads per core) family 6 model 61 stepping 4, cmov, cx8, fxsr, mmx, sse, sse2, sse3, ssse3, sse4.1, sse4.2, popcnt, avx, avx2, aes, clmul, erms, 3dnowpref, lzcnt, ht, tsc, tscinvbit, bmi1, bmi2, adx, fma

Memory: 4k page, system-wide physical 8067M (672M free)
TotalPageFile size 11067M (AvailPageFile size 5M)
current process WorkingSet (physical memory assigned to process): 10M, peak: 10M
current process commit charge ("private bytes"): 52M, peak: 179M

vm_info: Java HotSpot(TM) 64-Bit Server VM (14+36-1461) for windows-amd64 JRE (14+36-1461), built on Feb  6 2020 19:08:04 by "mach5one" with MS VC++ 15.9 (VS2017)

END.
